Welcome! You can exit by pressing Ctrl+C at any time...
>> newfs twopy.dev 2048 100
inode map - 16 inodes, 128 bytes per inode, 2048 bytes & 1 blocks total
created twopy.dev with 100 blocks of 2048 bytes per block
>> mount twopy.dev
twopy.dev successfully mounted
>> mkdir usr
>> mkdir etc
>> mkdir home
>> mkdir sbin
>> ls
usr	etc	home	sbin	
>> unmount
unmount successful
>> mount twopy.dev
twopy.dev successfully mounted
>> ls
usr	etc	home	sbin	
>> mkdir dylan
>> mkdir jimfix
>> mkdir your_name_here
>> mkdir another_name_here
>> unmount
unmount successful
>> 